<?xml version="1.0" encoding="UTF-8"?>
<!-- Generated by org.testng.reporters.JUnitXMLReporter -->
<testsuite hostname="LAPTOP-PN70LU10" ignored="0" name="Test" tests="4" failures="2" timestamp="02 Jun 2018 09:34:31 GMT" time="103.522" errors="0">
  <testcase name="testFacebookHome" time="11.4" classname="testscipt.Test1"/>
  <testcase name="testinstagramHome" time="12.061" classname="testscipt.Test2"/>
  <testcase name="testtwitterHome" time="30.051" classname="testscipt.Test3">
    <failure type="java.lang.AssertionError" message="null">
      <![CDATA[java.lang.AssertionError: null
at testscipt.Test3.testtwitterHome(Test3.java:29)
... Removed 27 stack frames]]>
    </failure>
  </testcase> <!-- testtwitterHome -->
  <testcase name="testtwitterHome" time="29.861" classname="testscipt.Test4">
    <failure type="java.lang.AssertionError" message="null">
      <![CDATA[java.lang.AssertionError: null
at testscipt.Test4.testtwitterHome(Test4.java:29)
... Removed 27 stack frames]]>
    </failure>
  </testcase> <!-- testtwitterHome -->
</testsuite> <!-- Test -->
