<?xml version="1.0" encoding="UTF-8"?>
<!-- Generated by org.testng.reporters.JUnitXMLReporter -->
<testsuite hostname="LAPTOP-PN70LU10" ignored="0" name="Test" tests="4" failures="0" timestamp="02 Jun 2018 17:57:06 GMT" time="313.431" errors="0">
  <testcase name="testFacebookHome" time="93.829" classname="testscipt.Test1"/>
  <testcase name="testinstagramHome" time="79.864" classname="testscipt.Test2"/>
  <testcase name="testtwitterHome" time="89.435" classname="testscipt.Test3"/>
  <testcase name="testtwitterHome" time="31.816" classname="testscipt.Test4"/>
</testsuite> <!-- Test -->
